{"C:\\git\\tiny-logger\\logger.js":{"path":"C:\\git\\tiny-logger\\logger.js","s":{"1":1,"2":1,"3":1,"4":1,"5":1,"6":5,"7":5,"8":5,"9":5,"10":5,"11":5,"12":5,"13":5,"14":3,"15":1,"16":2,"17":2,"18":1,"19":1,"20":5,"21":1,"22":5,"23":1,"24":1,"25":1,"26":5,"27":5,"28":2,"29":5,"30":1,"31":3,"32":1,"33":1,"34":1},"b":{"1":[5,0],"2":[3,2],"3":[1,2],"4":[1,1],"5":[1,4],"6":[1,4],"7":[1,0]},"f":{"1":5,"2":3,"3":1},"fnMap":{"1":{"name":"getLogger","line":9,"loc":{"start":{"line":9,"column":0},"end":{"line":9,"column":55}}},"2":{"name":"getBusinessLogger","line":59,"loc":{"start":{"line":59,"column":0},"end":{"line":59,"column":65}}},"3":{"name":"getAppLogger","line":65,"loc":{"start":{"line":65,"column":0},"end":{"line":65,"column":60}}}},"statementMap":{"1":{"start":{"line":1,"column":0},"end":{"line":1,"column":34}},"2":{"start":{"line":2,"column":0},"end":{"line":2,"column":51}},"3":{"start":{"line":3,"column":0},"end":{"line":3,"column":26}},"4":{"start":{"line":5,"column":0},"end":{"line":5,"column":34}},"5":{"start":{"line":9,"column":0},"end":{"line":57,"column":1}},"6":{"start":{"line":10,"column":4},"end":{"line":10,"column":27}},"7":{"start":{"line":11,"column":4},"end":{"line":11,"column":29}},"8":{"start":{"line":13,"column":4},"end":{"line":13,"column":64}},"9":{"start":{"line":13,"column":38},"end":{"line":13,"column":63}},"10":{"start":{"line":15,"column":4},"end":{"line":19,"column":9}},"11":{"start":{"line":16,"column":8},"end":{"line":19,"column":9}},"12":{"start":{"line":21,"column":4},"end":{"line":21,"column":72}},"13":{"start":{"line":23,"column":4},"end":{"line":35,"column":5}},"14":{"start":{"line":24,"column":8},"end":{"line":34,"column":9}},"15":{"start":{"line":25,"column":12},"end":{"line":25,"column":89}},"16":{"start":{"line":27,"column":12},"end":{"line":27,"column":62}},"17":{"start":{"line":28,"column":12},"end":{"line":33,"column":17}},"18":{"start":{"line":29,"column":16},"end":{"line":29,"column":108}},"19":{"start":{"line":31,"column":16},"end":{"line":33,"column":17}},"20":{"start":{"line":37,"column":4},"end":{"line":39,"column":5}},"21":{"start":{"line":38,"column":8},"end":{"line":38,"column":65}},"22":{"start":{"line":41,"column":4},"end":{"line":48,"column":5}},"23":{"start":{"line":42,"column":8},"end":{"line":43,"column":41}},"24":{"start":{"line":43,"column":12},"end":{"line":43,"column":41}},"25":{"start":{"line":45,"column":8},"end":{"line":47,"column":9}},"26":{"start":{"line":50,"column":4},"end":{"line":52,"column":6}},"27":{"start":{"line":54,"column":4},"end":{"line":54,"column":54}},"28":{"start":{"line":54,"column":37},"end":{"line":54,"column":53}},"29":{"start":{"line":56,"column":4},"end":{"line":56,"column":17}},"30":{"start":{"line":59,"column":0},"end":{"line":63,"column":1}},"31":{"start":{"line":60,"column":4},"end":{"line":62,"column":23}},"32":{"start":{"line":65,"column":0},"end":{"line":69,"column":1}},"33":{"start":{"line":66,"column":4},"end":{"line":68,"column":23}},"34":{"start":{"line":71,"column":0},"end":{"line":75,"column":1}}},"branchMap":{"1":{"line":15,"type":"if","locations":[{"start":{"line":15,"column":4},"end":{"line":15,"column":4}},{"start":{"line":15,"column":4},"end":{"line":15,"column":4}}]},"2":{"line":23,"type":"if","locations":[{"start":{"line":23,"column":4},"end":{"line":23,"column":4}},{"start":{"line":23,"column":4},"end":{"line":23,"column":4}}]},"3":{"line":24,"type":"if","locations":[{"start":{"line":24,"column":8},"end":{"line":24,"column":8}},{"start":{"line":24,"column":8},"end":{"line":24,"column":8}}]},"4":{"line":28,"type":"if","locations":[{"start":{"line":28,"column":12},"end":{"line":28,"column":12}},{"start":{"line":28,"column":12},"end":{"line":28,"column":12}}]},"5":{"line":37,"type":"if","locations":[{"start":{"line":37,"column":4},"end":{"line":37,"column":4}},{"start":{"line":37,"column":4},"end":{"line":37,"column":4}}]},"6":{"line":41,"type":"if","locations":[{"start":{"line":41,"column":4},"end":{"line":41,"column":4}},{"start":{"line":41,"column":4},"end":{"line":41,"column":4}}]},"7":{"line":42,"type":"if","locations":[{"start":{"line":42,"column":8},"end":{"line":42,"column":8}},{"start":{"line":42,"column":8},"end":{"line":42,"column":8}}]}}}}