TN:
SF:C:\git\tiny-logger\logger.js
FN:9,getLogger
FN:59,getMongoDBLogger
FN:65,getGraylogLogger
FNF:3
FNH:3
FNDA:5,getLogger
FNDA:3,getMongoDBLogger
FNDA:1,getGraylogLogger
DA:1,1
DA:2,1
DA:3,1
DA:5,1
DA:9,1
DA:10,5
DA:11,5
DA:13,5
DA:15,5
DA:16,5
DA:21,5
DA:23,5
DA:24,3
DA:25,1
DA:27,2
DA:28,2
DA:29,1
DA:31,1
DA:37,5
DA:38,1
DA:41,5
DA:42,1
DA:43,1
DA:45,1
DA:50,5
DA:54,5
DA:56,5
DA:59,1
DA:60,3
DA:65,1
DA:66,1
DA:71,1
LF:32
LH:32
BRDA:15,1,0,5
BRDA:15,1,1,0
BRDA:23,2,0,3
BRDA:23,2,1,2
BRDA:24,3,0,1
BRDA:24,3,1,2
BRDA:28,4,0,1
BRDA:28,4,1,1
BRDA:37,5,0,1
BRDA:37,5,1,4
BRDA:41,6,0,1
BRDA:41,6,1,4
BRDA:42,7,0,1
BRDA:42,7,1,0
BRF:14
BRH:12
end_of_record
